2025-10-22 19:17:17,326 - INFO - Attempting to load data from data/gradebook.json
2025-10-22 19:17:17,330 - INFO - Successfully loaded data from data/gradebook.json
2025-10-22 19:17:17,330 - INFO - Attempting to save data to data/gradebook.json
2025-10-22 19:17:17,332 - INFO - Data successfully saved to data/gradebook.json
2025-10-22 19:17:17,333 - INFO - Attempting to load data from data/gradebook.json
2025-10-22 19:17:17,353 - INFO - Successfully loaded data from data/gradebook.json
2025-10-22 19:17:17,353 - INFO - Attempting to save data to data/gradebook.json
2025-10-22 19:17:17,358 - INFO - Data successfully saved to data/gradebook.json
2025-10-22 19:17:17,359 - INFO - Attempting to load data from data/gradebook.json
2025-10-22 19:17:17,380 - INFO - Successfully loaded data from data/gradebook.json
2025-10-22 19:17:17,380 - INFO - Attempting to save data to data/gradebook.json
2025-10-22 19:17:17,381 - INFO - Data successfully saved to data/gradebook.json
2025-10-22 19:17:17,383 - INFO - Attempting to load data from data/gradebook.json
2025-10-22 19:17:17,401 - INFO - Successfully loaded data from data/gradebook.json
2025-10-22 19:19:36,739 - INFO - Attempting to load data from data/gradebook.json
2025-10-22 19:19:36,741 - INFO - Successfully loaded data from data/gradebook.json
2025-10-22 19:19:36,741 - INFO - Attempting to save data to data/gradebook.json
2025-10-22 19:19:36,743 - INFO - Data successfully saved to data/gradebook.json
2025-10-22 19:19:36,744 - INFO - Attempting to load data from data/gradebook.json
2025-10-22 19:19:36,757 - INFO - Successfully loaded data from data/gradebook.json
2025-10-22 19:19:36,757 - INFO - Attempting to save data to data/gradebook.json
2025-10-22 19:19:36,758 - INFO - Data successfully saved to data/gradebook.json
2025-10-22 19:19:36,759 - INFO - Attempting to load data from data/gradebook.json
2025-10-22 19:19:36,782 - INFO - Successfully loaded data from data/gradebook.json
2025-10-22 19:19:36,783 - INFO - Attempting to save data to data/gradebook.json
2025-10-22 19:19:36,784 - INFO - Data successfully saved to data/gradebook.json
2025-10-22 19:19:36,786 - INFO - Attempting to load data from data/gradebook.json
2025-10-22 19:19:36,805 - INFO - Successfully loaded data from data/gradebook.json
2025-10-22 19:21:31,142 - INFO - Attempting to load data from data/gradebook.json
2025-10-22 19:21:31,146 - ERROR - Could not read JSON in 'data/gradebook.json', file might be corrupted
2025-10-22 19:24:56,052 - INFO - Listing students
2025-10-22 19:24:56,052 - INFO - Attempting to load data from data/gradebook.json
2025-10-22 19:24:56,052 - INFO - Successfully loaded data from data/gradebook.json
2025-10-22 19:25:02,419 - INFO - Listing courses
2025-10-22 19:25:02,419 - INFO - Attempting to load data from data/gradebook.json
2025-10-22 19:25:02,419 - INFO - Successfully loaded data from data/gradebook.json
2025-10-22 19:25:07,455 - INFO - Computing average for student 1 in course CS101
2025-10-22 19:25:07,455 - INFO - Attempting to load data from data/gradebook.json
2025-10-22 19:25:07,456 - INFO - Successfully loaded data from data/gradebook.json
2025-10-22 19:25:16,383 - INFO - Computing GPA for student 1
2025-10-22 19:25:16,383 - INFO - Attempting to load data from data/gradebook.json
2025-10-22 19:25:16,383 - INFO - Successfully loaded data from data/gradebook.json
